<?xml version="1.0" encoding="UTF-8"?>
<testng-results ignored="0" total="1" passed="1" failed="0" skipped="0">
  <reporter-output>
  </reporter-output>
  <suite started-at="2022-06-28T17:16:11 IST" name="Selenium_Systmetic_Work_Suite" finished-at="2022-06-28T17:16:22 IST" duration-ms="10849">
    <groups>
    </groups>
    <test started-at="2022-06-28T17:16:11 IST" name="Selenium_Systmetic_Test" finished-at="2022-06-28T17:16:22 IST" duration-ms="10849">
      <class name="testCases.TestingFormFillTC">
        <test-method is-config="true" signature="preRun()[pri:0, instance:testCases.TestingFormFillTC@67c33749]" started-at="2022-06-28T17:16:11 IST" name="preRun" finished-at="2022-06-28T17:16:15 IST" duration-ms="4342" status="PASS">
          <reporter-output>
          </reporter-output>
        </test-method> <!-- preRun -->
        <test-method signature="formFilling()[pri:0, instance:testCases.TestingFormFillTC@67c33749]" started-at="2022-06-28T17:16:15 IST" name="formFilling" finished-at="2022-06-28T17:16:21 IST" duration-ms="6170" status="PASS">
          <reporter-output>
          </reporter-output>
        </test-method> <!-- formFilling -->
        <test-method is-config="true" signature="postRun()[pri:0, instance:testCases.TestingFormFillTC@67c33749]" started-at="2022-06-28T17:16:21 IST" name="postRun" finished-at="2022-06-28T17:16:22 IST" duration-ms="279" status="PASS">
          <reporter-output>
          </reporter-output>
        </test-method> <!-- postRun -->
      </class> <!-- testCases.TestingFormFillTC -->
    </test> <!-- Selenium_Systmetic_Test -->
  </suite> <!-- Selenium_Systmetic_Work_Suite -->
</testng-results>
